Started GET "/" for ::1 at 2022-06-26 14:04:42 -0300
  [1m[35m (0.8ms)[0m  [1m[34mSELECT sqlite_version(*)[0m
Processing by HomeController#index as HTML
  Rendering layout layouts/application.html.erb
  Rendering home/index.html.erb within layouts/application
  Rendered home/index.html.erb within layouts/application (Duration: 0.6ms | Allocations: 487)
  Rendered layout layouts/application.html.erb (Duration: 191.5ms | Allocations: 117671)
Completed 200 OK in 198ms (Views: 193.7ms | ActiveRecord: 0.0ms | Allocations: 122218)


Started GET "/" for ::1 at 2022-06-26 14:06:25 -0300
  [1m[35m (0.2ms)[0m  [1m[34mSELECT sqlite_version(*)[0m
Processing by HomeController#index as HTML
  Rendering layout layouts/application.html.erb
  Rendering home/index.html.erb within layouts/application
  Rendered home/index.html.erb within layouts/application (Duration: 0.4ms | Allocations: 379)
  Rendered layout layouts/application.html.erb (Duration: 35.9ms | Allocations: 40562)
Completed 200 OK in 39ms (Views: 37.0ms | ActiveRecord: 0.0ms | Allocations: 43878)


Started GET "/" for ::1 at 2022-06-26 14:09:33 -0300
Processing by HomeController#index as HTML
  Rendering layout layouts/application.html.erb
  Rendering home/index.html.erb within layouts/application
  Rendered home/index.html.erb within layouts/application (Duration: 1.1ms | Allocations: 206)
  Rendered layout layouts/application.html.erb (Duration: 12.8ms | Allocations: 3761)
Completed 200 OK in 18ms (Views: 16.3ms | ActiveRecord: 0.0ms | Allocations: 4649)


Started GET "/" for ::1 at 2022-06-26 14:28:12 -0300
  [1m[35m (0.3ms)[0m  [1m[34mSELECT sqlite_version(*)[0m
Processing by HomeController#index as HTML
  Rendering layout layouts/application.html.erb
  Rendering home/index.html.erb within layouts/application
  Rendered home/index.html.erb within layouts/application (Duration: 0.5ms | Allocations: 402)
  Rendered layout layouts/application.html.erb (Duration: 37.9ms | Allocations: 46412)
Completed 200 OK in 41ms (Views: 39.2ms | ActiveRecord: 0.0ms | Allocations: 49727)


